[rospy.client][INFO] 2025-03-13 14:35:55,955: init_node, name[/inference_node], pid[690790]
[xmlrpc][INFO] 2025-03-13 14:35:55,957: XML-RPC server binding to 0.0.0.0:0
[xmlrpc][INFO] 2025-03-13 14:35:55,958: Started XML-RPC server [http://robot2:38267/]
[rospy.init][INFO] 2025-03-13 14:35:55,959: ROS Slave URI: [http://robot2:38267/]
[rospy.impl.masterslave][INFO] 2025-03-13 14:35:55,959: _ready: http://robot2:38267/
[rospy.registration][INFO] 2025-03-13 14:35:55,963: Registering with master node http://192.168.50.147:11311
[xmlrpc][INFO] 2025-03-13 14:35:55,963: xml rpc node: starting XML-RPC server
[rospy.init][INFO] 2025-03-13 14:35:56,060: registered with master
[rospy.rosout][INFO] 2025-03-13 14:35:56,060: initializing /rosout core topic
[rospy.rosout][INFO] 2025-03-13 14:35:56,074: connected to core topic /rosout
[rospy.simtime][INFO] 2025-03-13 14:35:56,078: /use_sim_time is not set, will not subscribe to simulated time [/clock] topic
[rospy.internal][INFO] 2025-03-13 14:35:56,557: topic[/rosout] adding connection to [/rosout], count 0
[root][INFO] 2025-03-13 14:36:03,318: ============ Test weights: "/home/user/project/ParallelCollaborativeInference/third_parties/AGRNav/src/perception/SCONet/network/weights/weights_epoch_037.pth" ============

[root][INFO] 2025-03-13 14:36:03,777: => Loading network architecture...
[root][INFO] 2025-03-13 14:36:03,876: => Loading network weights...
[root][INFO] 2025-03-13 14:36:04,103: => Model loaded at /home/user/project/ParallelCollaborativeInference/third_parties/AGRNav/src/perception/SCONet/network/weights/weights_epoch_037.pth
[root][INFO] 2025-03-13 14:36:04,107: => Passing the network on the test set...
[rosout][INFO] 2025-03-13 14:36:05,007: offload_mode local
[rosout][INFO] 2025-03-13 14:36:05,017: Configuring torch to use deterministic behaviors.
[rosout][INFO] 2025-03-13 14:36:05,026: parallel approach local
[rosout][INFO] 2025-03-13 14:36:05,030: constraint_latency False
[rosout][INFO] 2025-03-13 14:36:05,396: Connecting to server 192.168.50.132: 12345
[rosout][INFO] 2025-03-13 14:36:05,443: [CLIENT] Bound to interface 192.168.50.147
[rosout][INFO] 2025-03-13 14:36:05,470: [CLIENT] Connected to server 192.168.50.132:12345
[rosout][INFO] 2025-03-13 14:36:07,496: Connected to server 192.168.50.132: 12345
[rosout][INFO] 2025-03-13 14:36:09,053: Send model to server 3.2632MB.
[rosout][INFO] 2025-03-13 14:36:09,062: Model parameter number 0.8395M.
[rosout][INFO] 2025-03-13 14:36:09,070: client: start profile forward
[rosout][INFO] 2025-03-13 14:36:09,100: client: send init input to server
[rosout][INFO] 2025-03-13 14:36:09,111: Input size 2.0004MB
[rosout][INFO] 2025-03-13 14:36:09,120: Forwarding for 0(+10 warmup and 10 repeat) times for initialization.
[rosout][INFO] 2025-03-13 14:36:33,986: Forward of the original model takes average 0.7756s.
[rosout][INFO] 2025-03-13 14:37:31,158: pickle.dumps size to time poly: 
          2
6.56e-17 x + 7.741e-09 x - 0.01754
[rosout][INFO] 2025-03-13 14:37:31,208: pickle.loads size to time poly: 
           2
4.472e-17 x + 3.964e-09 x - 0.009041
[rosout][INFO] 2025-03-13 14:37:31,531: Output size 2.0004MB
[rosout][INFO] 2025-03-13 14:37:48,007: Hooked forward takes average 0.7826s.
[rosout][INFO] 2025-03-13 14:37:48,014: Using torch.profiler for op profile
[rosout][INFO] 2025-03-13 14:37:48,021: 
Warming up for 10 runs...
[rosout][INFO] 2025-03-13 14:37:56,036: 
Measuring per operator execution time for 10 runs...
[rosout][INFO] 2025-03-13 14:38:04,010: 
Measuring end to end computation time for 10 runs...
[rosout][INFO] 2025-03-13 14:38:11,793: Operator records (align ops time with factor 1.0974): 
[rosout][INFO] 2025-03-13 14:38:11,799: 0 _start: input_from: [], output_to: [1], output_shapes: [torch.Size([1, 1, 256, 32, 256])], local dim: 4, masked: False, align_shape: False, :0 excluded: False ops_time: 0.00ms;  accu_time 0.0000s
[rosout][INFO] 2025-03-13 14:38:11,806: 1 type: input_from: [0], output_to: [2], output_shapes: [torch.Size([1, 1, 256, 32, 256])], local dim: 4, masked: False, align_shape: False, /home/user/project/ParallelCollaborativeInference/ros_ws/src/agrnav/scripts/SCONet.py:148 excluded: False ops_time: 0.00ms;  accu_time 0.0000s
[rosout][INFO] 2025-03-13 14:38:11,813: 2 squeeze: input_from: [1], output_to: [3], output_shapes: [torch.Size([1, 256, 32, 256])], local dim: 3, masked: False, align_shape: False, /home/user/project/ParallelCollaborativeInference/ros_ws/src/agrnav/scripts/SCONet.py:156 excluded: False ops_time: 0.13ms;  accu_time 0.0001s
[rosout][INFO] 2025-03-13 14:38:11,818: 3 permute: input_from: [2], output_to: [4], output_shapes: [torch.Size([1, 32, 256, 256])], local dim: 3, masked: False, align_shape: False, /home/user/project/ParallelCollaborativeInference/ros_ws/src/agrnav/scripts/SCONet.py:156 excluded: False ops_time: 0.19ms;  accu_time 0.0003s
[rosout][INFO] 2025-03-13 14:38:11,824: 4 conv2d: input_from: [3], output_to: [5], output_shapes: [torch.Size([1, 32, 256, 256])], local dim: 3, masked: False, align_shape: False, /home/user/project/ParallelCollaborativeInference/ros_ws/src/agrnav/scripts/SCONet.py:159 excluded: False ops_time: 6.02ms;  accu_time 0.0063s
[rosout][INFO] 2025-03-13 14:38:11,830: 5 relu: input_from: [4], output_to: [6], output_shapes: [torch.Size([1, 32, 256, 256])], local dim: 3, masked: False, align_shape: False, /home/user/project/ParallelCollaborativeInference/ros_ws/src/agrnav/scripts/SCONet.py:159 excluded: False ops_time: 0.39ms;  accu_time 0.0067s
[rosout][INFO] 2025-03-13 14:38:11,836: 6 conv2d: input_from: [5], output_to: [7], output_shapes: [torch.Size([1, 32, 256, 256])], local dim: 3, masked: False, align_shape: False, /home/user/project/ParallelCollaborativeInference/ros_ws/src/agrnav/scripts/SCONet.py:159 excluded: False ops_time: 5.29ms;  accu_time 0.0120s
[rosout][INFO] 2025-03-13 14:38:11,842: 7 relu: input_from: [6], output_to: [8, 38], output_shapes: [torch.Size([1, 32, 256, 256])], local dim: 3, masked: False, align_shape: False, /home/user/project/ParallelCollaborativeInference/ros_ws/src/agrnav/scripts/SCONet.py:159 excluded: False ops_time: 0.38ms;  accu_time 0.0124s
[rosout][INFO] 2025-03-13 14:38:11,847: 8 max_pool2d: input_from: [7], output_to: [9], output_shapes: [torch.Size([1, 32, 128, 128])], local dim: 3, masked: True, align_shape: False, /home/user/project/ParallelCollaborativeInference/ros_ws/src/agrnav/scripts/SCONet.py:160 excluded: False ops_time: 0.36ms;  accu_time 0.0128s
[rosout][INFO] 2025-03-13 14:38:11,853: 9 conv2d: input_from: [8], output_to: [10], output_shapes: [torch.Size([1, 48, 128, 128])], local dim: 3, masked: True, align_shape: False, /home/user/project/ParallelCollaborativeInference/ros_ws/src/agrnav/scripts/SCONet.py:160 excluded: False ops_time: 1.62ms;  accu_time 0.0144s
[rosout][INFO] 2025-03-13 14:38:11,858: 10 relu: input_from: [9], output_to: [11], output_shapes: [torch.Size([1, 48, 128, 128])], local dim: 3, masked: True, align_shape: False, /home/user/project/ParallelCollaborativeInference/ros_ws/src/agrnav/scripts/SCONet.py:160 excluded: False ops_time: 0.15ms;  accu_time 0.0145s
[rosout][INFO] 2025-03-13 14:38:11,864: 11 conv2d: input_from: [10], output_to: [12], output_shapes: [torch.Size([1, 48, 128, 128])], local dim: 3, masked: True, align_shape: False, /home/user/project/ParallelCollaborativeInference/ros_ws/src/agrnav/scripts/SCONet.py:160 excluded: False ops_time: 2.30ms;  accu_time 0.0168s
[rosout][INFO] 2025-03-13 14:38:11,869: 12 relu: input_from: [11], output_to: [13, 31], output_shapes: [torch.Size([1, 48, 128, 128])], local dim: 3, masked: True, align_shape: False, /home/user/project/ParallelCollaborativeInference/ros_ws/src/agrnav/scripts/SCONet.py:160 excluded: False ops_time: 0.15ms;  accu_time 0.0170s
[rosout][INFO] 2025-03-13 14:38:11,874: 13 max_pool2d: input_from: [12], output_to: [14], output_shapes: [torch.Size([1, 48, 64, 64])], local dim: 3, masked: True, align_shape: False, /home/user/project/ParallelCollaborativeInference/ros_ws/src/agrnav/scripts/SCONet.py:161 excluded: False ops_time: 0.14ms;  accu_time 0.0171s
[rosout][INFO] 2025-03-13 14:38:11,879: 14 conv2d: input_from: [13], output_to: [15], output_shapes: [torch.Size([1, 64, 64, 64])], local dim: 3, masked: True, align_shape: False, /home/user/project/ParallelCollaborativeInference/ros_ws/src/agrnav/scripts/SCONet.py:161 excluded: False ops_time: 0.68ms;  accu_time 0.0178s
[rosout][INFO] 2025-03-13 14:38:11,884: 15 relu: input_from: [14], output_to: [16], output_shapes: [torch.Size([1, 64, 64, 64])], local dim: 3, masked: True, align_shape: False, /home/user/project/ParallelCollaborativeInference/ros_ws/src/agrnav/scripts/SCONet.py:161 excluded: False ops_time: 0.05ms;  accu_time 0.0178s
[rosout][INFO] 2025-03-13 14:38:11,889: 16 conv2d: input_from: [15], output_to: [17], output_shapes: [torch.Size([1, 64, 64, 64])], local dim: 3, masked: True, align_shape: False, /home/user/project/ParallelCollaborativeInference/ros_ws/src/agrnav/scripts/SCONet.py:161 excluded: False ops_time: 0.84ms;  accu_time 0.0187s
[rosout][INFO] 2025-03-13 14:38:11,894: 17 relu: input_from: [16], output_to: [18, 25], output_shapes: [torch.Size([1, 64, 64, 64])], local dim: 3, masked: True, align_shape: False, /home/user/project/ParallelCollaborativeInference/ros_ws/src/agrnav/scripts/SCONet.py:161 excluded: False ops_time: 0.05ms;  accu_time 0.0187s
[rosout][INFO] 2025-03-13 14:38:11,899: 18 max_pool2d: input_from: [17], output_to: [19], output_shapes: [torch.Size([1, 64, 32, 32])], local dim: 3, masked: True, align_shape: False, /home/user/project/ParallelCollaborativeInference/ros_ws/src/agrnav/scripts/SCONet.py:162 excluded: False ops_time: 0.05ms;  accu_time 0.0188s
[rosout][INFO] 2025-03-13 14:38:11,904: 19 conv2d: input_from: [18], output_to: [20], output_shapes: [torch.Size([1, 80, 32, 32])], local dim: 3, masked: True, align_shape: False, /home/user/project/ParallelCollaborativeInference/ros_ws/src/agrnav/scripts/SCONet.py:162 excluded: False ops_time: 0.29ms;  accu_time 0.0191s
[rosout][INFO] 2025-03-13 14:38:11,909: 20 relu: input_from: [19], output_to: [21], output_shapes: [torch.Size([1, 80, 32, 32])], local dim: 3, masked: True, align_shape: False, /home/user/project/ParallelCollaborativeInference/ros_ws/src/agrnav/scripts/SCONet.py:162 excluded: False ops_time: 0.02ms;  accu_time 0.0191s
[rosout][INFO] 2025-03-13 14:38:11,914: 21 conv2d: input_from: [20], output_to: [22], output_shapes: [torch.Size([1, 80, 32, 32])], local dim: 3, masked: True, align_shape: False, /home/user/project/ParallelCollaborativeInference/ros_ws/src/agrnav/scripts/SCONet.py:162 excluded: False ops_time: 0.36ms;  accu_time 0.0195s
[rosout][INFO] 2025-03-13 14:38:11,919: 22 relu: input_from: [21], output_to: [23], output_shapes: [torch.Size([1, 80, 32, 32])], local dim: 3, masked: True, align_shape: False, /home/user/project/ParallelCollaborativeInference/ros_ws/src/agrnav/scripts/SCONet.py:162 excluded: False ops_time: 0.02ms;  accu_time 0.0195s
[rosout][INFO] 2025-03-13 14:38:11,924: 23 conv2d: input_from: [22], output_to: [24, 30, 37], output_shapes: [torch.Size([1, 4, 32, 32])], local dim: 3, masked: True, align_shape: False, /home/user/project/ParallelCollaborativeInference/ros_ws/src/agrnav/scripts/SCONet.py:166 excluded: False ops_time: 0.20ms;  accu_time 0.0197s
[rosout][INFO] 2025-03-13 14:38:11,928: 24 conv_transpose2d: input_from: [23], output_to: [25], output_shapes: [torch.Size([1, 4, 64, 64])], local dim: 3, masked: True, align_shape: False, /home/user/project/ParallelCollaborativeInference/ros_ws/src/agrnav/scripts/SCONet.py:167 excluded: False ops_time: 0.13ms;  accu_time 0.0198s
[rosout][INFO] 2025-03-13 14:38:11,934: 25 cat: input_from: [24, 17], output_to: [26], output_shapes: [torch.Size([1, 68, 64, 64])], local dim: 3, masked: True, align_shape: False, /home/user/project/ParallelCollaborativeInference/ros_ws/src/agrnav/scripts/SCONet.py:172 excluded: False ops_time: 0.07ms;  accu_time 0.0199s
[rosout][INFO] 2025-03-13 14:38:11,938: 26 conv2d: input_from: [25], output_to: [27], output_shapes: [torch.Size([1, 64, 64, 64])], local dim: 3, masked: True, align_shape: False, /home/user/project/ParallelCollaborativeInference/ros_ws/src/agrnav/scripts/SCONet.py:173 excluded: False ops_time: 0.89ms;  accu_time 0.0208s
[rosout][INFO] 2025-03-13 14:38:11,943: 27 relu: input_from: [26], output_to: [28], output_shapes: [torch.Size([1, 64, 64, 64])], local dim: 3, masked: True, align_shape: False, /home/user/project/ParallelCollaborativeInference/ros_ws/src/agrnav/scripts/SCONet.py:173 excluded: False ops_time: 0.05ms;  accu_time 0.0208s
[rosout][INFO] 2025-03-13 14:38:11,948: 28 conv2d: input_from: [27], output_to: [29, 36], output_shapes: [torch.Size([1, 8, 64, 64])], local dim: 3, masked: True, align_shape: False, /home/user/project/ParallelCollaborativeInference/ros_ws/src/agrnav/scripts/SCONet.py:174 excluded: False ops_time: 0.58ms;  accu_time 0.0214s
[rosout][INFO] 2025-03-13 14:38:11,953: 29 conv_transpose2d: input_from: [28], output_to: [31], output_shapes: [torch.Size([1, 8, 128, 128])], local dim: 3, masked: True, align_shape: False, /home/user/project/ParallelCollaborativeInference/ros_ws/src/agrnav/scripts/SCONet.py:175 excluded: False ops_time: 0.62ms;  accu_time 0.0220s
[rosout][INFO] 2025-03-13 14:38:11,957: 30 conv_transpose2d: input_from: [23], output_to: [31], output_shapes: [torch.Size([1, 4, 128, 128])], local dim: 3, masked: True, align_shape: False, /home/user/project/ParallelCollaborativeInference/ros_ws/src/agrnav/scripts/SCONet.py:180 excluded: False ops_time: 0.13ms;  accu_time 0.0222s
[rosout][INFO] 2025-03-13 14:38:11,962: 31 cat: input_from: [29, 12, 30], output_to: [32], output_shapes: [torch.Size([1, 60, 128, 128])], local dim: 3, masked: True, align_shape: False, /home/user/project/ParallelCollaborativeInference/ros_ws/src/agrnav/scripts/SCONet.py:180 excluded: False ops_time: 0.22ms;  accu_time 0.0224s
[rosout][INFO] 2025-03-13 14:38:11,966: 32 conv2d: input_from: [31], output_to: [33], output_shapes: [torch.Size([1, 48, 128, 128])], local dim: 3, masked: True, align_shape: False, /home/user/project/ParallelCollaborativeInference/ros_ws/src/agrnav/scripts/SCONet.py:181 excluded: False ops_time: 3.00ms;  accu_time 0.0254s
[rosout][INFO] 2025-03-13 14:38:11,970: 33 relu: input_from: [32], output_to: [34], output_shapes: [torch.Size([1, 48, 128, 128])], local dim: 3, masked: True, align_shape: False, /home/user/project/ParallelCollaborativeInference/ros_ws/src/agrnav/scripts/SCONet.py:181 excluded: False ops_time: 0.15ms;  accu_time 0.0255s
[rosout][INFO] 2025-03-13 14:38:11,975: 34 conv2d: input_from: [33], output_to: [35], output_shapes: [torch.Size([1, 16, 128, 128])], local dim: 3, masked: True, align_shape: False, /home/user/project/ParallelCollaborativeInference/ros_ws/src/agrnav/scripts/SCONet.py:182 excluded: False ops_time: 1.73ms;  accu_time 0.0272s
[rosout][INFO] 2025-03-13 14:38:11,979: 35 conv_transpose2d: input_from: [34], output_to: [38], output_shapes: [torch.Size([1, 16, 256, 256])], local dim: 3, masked: True, align_shape: False, /home/user/project/ParallelCollaborativeInference/ros_ws/src/agrnav/scripts/SCONet.py:186 excluded: False ops_time: 4.90ms;  accu_time 0.0321s
[rosout][INFO] 2025-03-13 14:38:11,984: 36 conv_transpose2d: input_from: [28], output_to: [38], output_shapes: [torch.Size([1, 8, 256, 256])], local dim: 3, masked: True, align_shape: False, /home/user/project/ParallelCollaborativeInference/ros_ws/src/agrnav/scripts/SCONet.py:187 excluded: False ops_time: 0.70ms;  accu_time 0.0328s
[rosout][INFO] 2025-03-13 14:38:11,988: 37 conv_transpose2d: input_from: [23], output_to: [38], output_shapes: [torch.Size([1, 4, 256, 256])], local dim: 3, masked: False, align_shape: False, /home/user/project/ParallelCollaborativeInference/ros_ws/src/agrnav/scripts/SCONet.py:187 excluded: False ops_time: 0.40ms;  accu_time 0.0332s
[rosout][INFO] 2025-03-13 14:38:11,993: 38 cat: input_from: [35, 7, 36, 37], output_to: [39], output_shapes: [torch.Size([1, 60, 256, 256])], local dim: 3, masked: False, align_shape: False, /home/user/project/ParallelCollaborativeInference/ros_ws/src/agrnav/scripts/SCONet.py:187 excluded: False ops_time: 0.76ms;  accu_time 0.0340s
[rosout][INFO] 2025-03-13 14:38:11,997: 39 conv2d: input_from: [38], output_to: [40], output_shapes: [torch.Size([1, 32, 256, 256])], local dim: 3, masked: False, align_shape: False, /home/user/project/ParallelCollaborativeInference/ros_ws/src/agrnav/scripts/SCONet.py:188 excluded: False ops_time: 9.37ms;  accu_time 0.0434s
[rosout][INFO] 2025-03-13 14:38:12,002: 40 relu: input_from: [39], output_to: [41], output_shapes: [torch.Size([1, 32, 256, 256])], local dim: 3, masked: False, align_shape: False, /home/user/project/ParallelCollaborativeInference/ros_ws/src/agrnav/scripts/SCONet.py:188 excluded: False ops_time: 0.39ms;  accu_time 0.0438s
[rosout][INFO] 2025-03-13 14:38:12,006: 41 __getitem__: input_from: [40], output_to: [42], output_shapes: [torch.Size([1, 1, 32, 256, 256])], local dim: 3, masked: False, align_shape: False, /home/user/project/ParallelCollaborativeInference/ros_ws/src/agrnav/scripts/SCONet.py:35 excluded: False ops_time: 0.00ms;  accu_time 0.0438s
[rosout][INFO] 2025-03-13 14:38:12,011: 42 conv3d: input_from: [41], output_to: [43, 44, 51, 59, 67], output_shapes: [torch.Size([1, 8, 32, 256, 256])], local dim: 4, masked: False, align_shape: False, /home/user/project/ParallelCollaborativeInference/ros_ws/src/agrnav/scripts/SCONet.py:38 excluded: False ops_time: 19.45ms;  accu_time 0.0632s
[rosout][INFO] 2025-03-13 14:38:12,016: 43 relu: input_from: [42], output_to: [44, 51, 59, 67], output_shapes: [torch.Size([1, 8, 32, 256, 256])], local dim: 4, masked: True, align_shape: False, /home/user/project/ParallelCollaborativeInference/ros_ws/src/agrnav/scripts/SCONet.py:38 excluded: False ops_time: 3.07ms;  accu_time 0.0663s
[rosout][INFO] 2025-03-13 14:38:12,021: 44 conv3d: input_from: [42, 43], output_to: [45, 46], output_shapes: [torch.Size([1, 8, 32, 256, 256])], local dim: 4, masked: True, align_shape: False, /home/user/project/ParallelCollaborativeInference/ros_ws/src/agrnav/scripts/SCONet.py:40 excluded: False ops_time: 101.71ms;  accu_time 0.1680s
[rosout][INFO] 2025-03-13 14:38:12,109: 45 dim: input_from: [44], output_to: [], output_shapes: [], local dim: None, masked: True, align_shape: False, /home/user/project/ParallelCollaborativeInference/ros_ws/src/agrnav/scripts/SCONet.py:40 excluded: True ops_time: 0.00ms;  accu_time 0.1680s
[rosout][INFO] 2025-03-13 14:38:12,115: 46 batch_norm: input_from: [44], output_to: [47, 48], output_shapes: [torch.Size([1, 8, 32, 256, 256])], local dim: 4, masked: True, align_shape: False, /home/user/project/ParallelCollaborativeInference/ros_ws/src/agrnav/scripts/SCONet.py:40 excluded: False ops_time: 4.42ms;  accu_time 0.1724s
[rosout][INFO] 2025-03-13 14:38:12,120: 47 relu: input_from: [46], output_to: [48], output_shapes: [torch.Size([1, 8, 32, 256, 256])], local dim: 4, masked: True, align_shape: False, /home/user/project/ParallelCollaborativeInference/ros_ws/src/agrnav/scripts/SCONet.py:40 excluded: False ops_time: 3.07ms;  accu_time 0.1755s
[rosout][INFO] 2025-03-13 14:38:12,125: 48 conv3d: input_from: [46, 47], output_to: [49, 50], output_shapes: [torch.Size([1, 8, 32, 256, 256])], local dim: 4, masked: True, align_shape: False, /home/user/project/ParallelCollaborativeInference/ros_ws/src/agrnav/scripts/SCONet.py:40 excluded: False ops_time: 100.37ms;  accu_time 0.2758s
[rosout][INFO] 2025-03-13 14:38:12,131: 49 dim: input_from: [48], output_to: [], output_shapes: [], local dim: None, masked: True, align_shape: False, /home/user/project/ParallelCollaborativeInference/ros_ws/src/agrnav/scripts/SCONet.py:40 excluded: True ops_time: 0.00ms;  accu_time 0.2758s
[rosout][INFO] 2025-03-13 14:38:12,137: 50 batch_norm: input_from: [48], output_to: [58, 66, 67], output_shapes: [torch.Size([1, 8, 32, 256, 256])], local dim: 4, masked: True, align_shape: False, /home/user/project/ParallelCollaborativeInference/ros_ws/src/agrnav/scripts/SCONet.py:40 excluded: False ops_time: 4.41ms;  accu_time 0.2803s
[rosout][INFO] 2025-03-13 14:38:12,142: 51 conv3d: input_from: [42, 43], output_to: [52, 53], output_shapes: [torch.Size([1, 8, 32, 256, 256])], local dim: 4, masked: True, align_shape: False, /home/user/project/ParallelCollaborativeInference/ros_ws/src/agrnav/scripts/SCONet.py:42 excluded: False ops_time: 103.74ms;  accu_time 0.3840s
[rosout][INFO] 2025-03-13 14:38:12,147: 52 dim: input_from: [51], output_to: [], output_shapes: [], local dim: None, masked: True, align_shape: False, /home/user/project/ParallelCollaborativeInference/ros_ws/src/agrnav/scripts/SCONet.py:42 excluded: True ops_time: 0.00ms;  accu_time 0.3840s
[rosout][INFO] 2025-03-13 14:38:12,153: 53 batch_norm: input_from: [51], output_to: [54, 55], output_shapes: [torch.Size([1, 8, 32, 256, 256])], local dim: 4, masked: True, align_shape: False, /home/user/project/ParallelCollaborativeInference/ros_ws/src/agrnav/scripts/SCONet.py:42 excluded: False ops_time: 4.41ms;  accu_time 0.3884s
[rosout][INFO] 2025-03-13 14:38:12,158: 54 relu: input_from: [53], output_to: [55], output_shapes: [torch.Size([1, 8, 32, 256, 256])], local dim: 4, masked: True, align_shape: False, /home/user/project/ParallelCollaborativeInference/ros_ws/src/agrnav/scripts/SCONet.py:42 excluded: False ops_time: 3.07ms;  accu_time 0.3915s
[rosout][INFO] 2025-03-13 14:38:12,163: 55 conv3d: input_from: [53, 54], output_to: [56, 57], output_shapes: [torch.Size([1, 8, 32, 256, 256])], local dim: 4, masked: True, align_shape: False, /home/user/project/ParallelCollaborativeInference/ros_ws/src/agrnav/scripts/SCONet.py:42 excluded: False ops_time: 103.72ms;  accu_time 0.4952s
[rosout][INFO] 2025-03-13 14:38:12,168: 56 dim: input_from: [55], output_to: [], output_shapes: [], local dim: None, masked: True, align_shape: False, /home/user/project/ParallelCollaborativeInference/ros_ws/src/agrnav/scripts/SCONet.py:42 excluded: True ops_time: 0.00ms;  accu_time 0.4952s
[rosout][INFO] 2025-03-13 14:38:12,173: 57 batch_norm: input_from: [55], output_to: [58], output_shapes: [torch.Size([1, 8, 32, 256, 256])], local dim: 4, masked: True, align_shape: False, /home/user/project/ParallelCollaborativeInference/ros_ws/src/agrnav/scripts/SCONet.py:42 excluded: False ops_time: 4.41ms;  accu_time 0.4996s
[rosout][INFO] 2025-03-13 14:38:12,178: 58 add_: input_from: [50, 57], output_to: [66, 67], output_shapes: [torch.Size([1, 8, 32, 256, 256])], local dim: 4, masked: True, align_shape: False, /home/user/project/ParallelCollaborativeInference/ros_ws/src/agrnav/scripts/SCONet.py:42 excluded: False ops_time: 4.57ms;  accu_time 0.5042s
[rosout][INFO] 2025-03-13 14:38:12,183: 59 conv3d: input_from: [42, 43], output_to: [60, 61], output_shapes: [torch.Size([1, 8, 32, 256, 256])], local dim: 4, masked: True, align_shape: False, /home/user/project/ParallelCollaborativeInference/ros_ws/src/agrnav/scripts/SCONet.py:42 excluded: False ops_time: 105.90ms;  accu_time 0.6101s
[rosout][INFO] 2025-03-13 14:38:12,187: 60 dim: input_from: [59], output_to: [], output_shapes: [], local dim: None, masked: True, align_shape: False, /home/user/project/ParallelCollaborativeInference/ros_ws/src/agrnav/scripts/SCONet.py:42 excluded: True ops_time: 0.00ms;  accu_time 0.6101s
[rosout][INFO] 2025-03-13 14:38:12,192: 61 batch_norm: input_from: [59], output_to: [62, 63], output_shapes: [torch.Size([1, 8, 32, 256, 256])], local dim: 4, masked: True, align_shape: False, /home/user/project/ParallelCollaborativeInference/ros_ws/src/agrnav/scripts/SCONet.py:42 excluded: False ops_time: 4.39ms;  accu_time 0.6145s
[rosout][INFO] 2025-03-13 14:38:12,197: 62 relu: input_from: [61], output_to: [63], output_shapes: [torch.Size([1, 8, 32, 256, 256])], local dim: 4, masked: True, align_shape: False, /home/user/project/ParallelCollaborativeInference/ros_ws/src/agrnav/scripts/SCONet.py:42 excluded: False ops_time: 3.06ms;  accu_time 0.6175s
[rosout][INFO] 2025-03-13 14:38:12,202: 63 conv3d: input_from: [61, 62], output_to: [64, 65], output_shapes: [torch.Size([1, 8, 32, 256, 256])], local dim: 4, masked: True, align_shape: False, /home/user/project/ParallelCollaborativeInference/ros_ws/src/agrnav/scripts/SCONet.py:42 excluded: False ops_time: 105.36ms;  accu_time 0.7229s
[rosout][INFO] 2025-03-13 14:38:12,207: 64 dim: input_from: [63], output_to: [], output_shapes: [], local dim: None, masked: True, align_shape: False, /home/user/project/ParallelCollaborativeInference/ros_ws/src/agrnav/scripts/SCONet.py:42 excluded: True ops_time: 0.00ms;  accu_time 0.7229s
[rosout][INFO] 2025-03-13 14:38:12,213: 65 batch_norm: input_from: [63], output_to: [66], output_shapes: [torch.Size([1, 8, 32, 256, 256])], local dim: 4, masked: True, align_shape: False, /home/user/project/ParallelCollaborativeInference/ros_ws/src/agrnav/scripts/SCONet.py:42 excluded: False ops_time: 4.37ms;  accu_time 0.7272s
[rosout][INFO] 2025-03-13 14:38:12,218: 66 add_: input_from: [50, 58, 65], output_to: [67], output_shapes: [torch.Size([1, 8, 32, 256, 256])], local dim: 4, masked: False, align_shape: False, /home/user/project/ParallelCollaborativeInference/ros_ws/src/agrnav/scripts/SCONet.py:42 excluded: False ops_time: 4.52ms;  accu_time 0.7318s
[rosout][INFO] 2025-03-13 14:38:12,223: 67 add: input_from: [50, 58, 66, 42, 43], output_to: [68, 69], output_shapes: [torch.Size([1, 8, 32, 256, 256])], local dim: 4, masked: False, align_shape: False, /home/user/project/ParallelCollaborativeInference/ros_ws/src/agrnav/scripts/SCONet.py:43 excluded: False ops_time: 4.54ms;  accu_time 0.7363s
[rosout][INFO] 2025-03-13 14:38:12,228: 68 relu: input_from: [67], output_to: [69], output_shapes: [torch.Size([1, 8, 32, 256, 256])], local dim: 4, masked: False, align_shape: False, /home/user/project/ParallelCollaborativeInference/ros_ws/src/agrnav/scripts/SCONet.py:43 excluded: False ops_time: 3.04ms;  accu_time 0.7393s
[rosout][INFO] 2025-03-13 14:38:12,233: 69 conv3d: input_from: [67, 68], output_to: [70], output_shapes: [torch.Size([1, 20, 32, 256, 256])], local dim: 4, masked: False, align_shape: False, /home/user/project/ParallelCollaborativeInference/ros_ws/src/agrnav/scripts/SCONet.py:45 excluded: False ops_time: 109.28ms;  accu_time 0.8486s
[rosout][INFO] 2025-03-13 14:38:12,238: 70 permute: input_from: [69], output_to: [71], output_shapes: [torch.Size([1, 20, 256, 32, 256])], local dim: 4, masked: False, align_shape: False, /home/user/project/ParallelCollaborativeInference/ros_ws/src/agrnav/scripts/SCONet.py:192 excluded: False ops_time: 0.00ms;  accu_time 0.8486s
[rosout][INFO] 2025-03-13 14:38:12,242: 71 argmax: input_from: [70], output_to: [72], output_shapes: [torch.Size([1, 256, 32, 256])], local dim: 3, masked: False, align_shape: False, /home/user/project/ParallelCollaborativeInference/ros_ws/src/agrnav/scripts/SCONet.py:150 excluded: False ops_time: 4.26ms;  accu_time 0.8529s
[rosout][INFO] 2025-03-13 14:38:12,247: 72 type: input_from: [71], output_to: [73], output_shapes: [torch.Size([1, 256, 32, 256])], local dim: 3, masked: False, align_shape: False, /home/user/project/ParallelCollaborativeInference/ros_ws/src/agrnav/scripts/SCONet.py:150 excluded: False ops_time: 0.44ms;  accu_time 0.8533s
[rosout][INFO] 2025-03-13 14:38:12,252: 73 _end: input_from: [72], output_to: [], output_shapes: [torch.Size([1, 256, 32, 256])], local dim: None, masked: False, align_shape: False, ours:0 excluded: False ops_time: 0.00ms;  accu_time 0.8533s
[rosout][INFO] 2025-03-13 14:38:12,257: total 74 ops (filtered from 74 ops); time 0.8533s (aligned by 1.0974

[rosout][INFO] 2025-03-13 14:38:12,277: client: init forward complete.
[rosout][INFO] 2025-03-13 14:38:12,282: client:  local operator num 66; global operator num 0
[rosout][INFO] 2025-03-13 14:38:12,287: client: profile forward complete
[rosout][INFO] 2025-03-13 14:38:12,292: Server computation time: 0.0552s; client computaiton time: 0.7777s
[rosout][INFO] 2025-03-13 14:38:14,865: 
Parallel approach: local. Adding hooks for each bw...
[rosout][INFO] 2025-03-13 14:38:14,876: bw 0:  Skip computation from 0 to 0 ||  Keep computation from 1 to 44 ||  Skip computation from 45 to 45 ||  Keep computation from 46 to 48 ||  Skip computation from 49 to 49 ||  Keep computation from 50 to 51 ||  Skip computation from 52 to 52 ||  Keep computation from 53 to 55 ||  Skip computation from 56 to 56 ||  Keep computation from 57 to 59 ||  Skip computation from 60 to 60 ||  Keep computation from 61 to 63 ||  Skip computation from 64 to 64 ||  Keep computation from 65 to 72 || 
[rosout][INFO] 2025-03-13 14:38:14,885: bw 1:  Skip computation from 0 to 0 ||  Keep computation from 1 to 44 ||  Skip computation from 45 to 45 ||  Keep computation from 46 to 48 ||  Skip computation from 49 to 49 ||  Keep computation from 50 to 51 ||  Skip computation from 52 to 52 ||  Keep computation from 53 to 55 ||  Skip computation from 56 to 56 ||  Keep computation from 57 to 59 ||  Skip computation from 60 to 60 ||  Keep computation from 61 to 63 ||  Skip computation from 64 to 64 ||  Keep computation from 65 to 72 || 
[rosout][INFO] 2025-03-13 14:38:14,894: bw 2:  Skip computation from 0 to 0 ||  Keep computation from 1 to 44 ||  Skip computation from 45 to 45 ||  Keep computation from 46 to 48 ||  Skip computation from 49 to 49 ||  Keep computation from 50 to 51 ||  Skip computation from 52 to 52 ||  Keep computation from 53 to 55 ||  Skip computation from 56 to 56 ||  Keep computation from 57 to 59 ||  Skip computation from 60 to 60 ||  Keep computation from 61 to 63 ||  Skip computation from 64 to 64 ||  Keep computation from 65 to 72 || 
[rosout][INFO] 2025-03-13 14:38:14,903: bw 3:  Skip computation from 0 to 0 ||  Keep computation from 1 to 44 ||  Skip computation from 45 to 45 ||  Keep computation from 46 to 48 ||  Skip computation from 49 to 49 ||  Keep computation from 50 to 51 ||  Skip computation from 52 to 52 ||  Keep computation from 53 to 55 ||  Skip computation from 56 to 56 ||  Keep computation from 57 to 59 ||  Skip computation from 60 to 60 ||  Keep computation from 61 to 63 ||  Skip computation from 64 to 64 ||  Keep computation from 65 to 72 || 
[rosout][INFO] 2025-03-13 14:38:14,911: bw 4:  Skip computation from 0 to 0 ||  Keep computation from 1 to 44 ||  Skip computation from 45 to 45 ||  Keep computation from 46 to 48 ||  Skip computation from 49 to 49 ||  Keep computation from 50 to 51 ||  Skip computation from 52 to 52 ||  Keep computation from 53 to 55 ||  Skip computation from 56 to 56 ||  Keep computation from 57 to 59 ||  Skip computation from 60 to 60 ||  Keep computation from 61 to 63 ||  Skip computation from 64 to 64 ||  Keep computation from 65 to 72 || 
[rosout][INFO] 2025-03-13 14:38:14,920: bw 5:  Skip computation from 0 to 0 ||  Keep computation from 1 to 44 ||  Skip computation from 45 to 45 ||  Keep computation from 46 to 48 ||  Skip computation from 49 to 49 ||  Keep computation from 50 to 51 ||  Skip computation from 52 to 52 ||  Keep computation from 53 to 55 ||  Skip computation from 56 to 56 ||  Keep computation from 57 to 59 ||  Skip computation from 60 to 60 ||  Keep computation from 61 to 63 ||  Skip computation from 64 to 64 ||  Keep computation from 65 to 72 || 
[rosout][INFO] 2025-03-13 14:38:14,928: bw 6:  Skip computation from 0 to 0 ||  Keep computation from 1 to 44 ||  Skip computation from 45 to 45 ||  Keep computation from 46 to 48 ||  Skip computation from 49 to 49 ||  Keep computation from 50 to 51 ||  Skip computation from 52 to 52 ||  Keep computation from 53 to 55 ||  Skip computation from 56 to 56 ||  Keep computation from 57 to 59 ||  Skip computation from 60 to 60 ||  Keep computation from 61 to 63 ||  Skip computation from 64 to 64 ||  Keep computation from 65 to 72 || 
[rosout][INFO] 2025-03-13 14:38:14,937: bw 7:  Skip computation from 0 to 0 ||  Keep computation from 1 to 44 ||  Skip computation from 45 to 45 ||  Keep computation from 46 to 48 ||  Skip computation from 49 to 49 ||  Keep computation from 50 to 51 ||  Skip computation from 52 to 52 ||  Keep computation from 53 to 55 ||  Skip computation from 56 to 56 ||  Keep computation from 57 to 59 ||  Skip computation from 60 to 60 ||  Keep computation from 61 to 63 ||  Skip computation from 64 to 64 ||  Keep computation from 65 to 72 || 
[rosout][INFO] 2025-03-13 14:38:14,945: bw 8:  Skip computation from 0 to 0 ||  Keep computation from 1 to 44 ||  Skip computation from 45 to 45 ||  Keep computation from 46 to 48 ||  Skip computation from 49 to 49 ||  Keep computation from 50 to 51 ||  Skip computation from 52 to 52 ||  Keep computation from 53 to 55 ||  Skip computation from 56 to 56 ||  Keep computation from 57 to 59 ||  Skip computation from 60 to 60 ||  Keep computation from 61 to 63 ||  Skip computation from 64 to 64 ||  Keep computation from 65 to 72 || 
[rosout][INFO] 2025-03-13 14:38:14,954: bw 9:  Skip computation from 0 to 0 ||  Keep computation from 1 to 44 ||  Skip computation from 45 to 45 ||  Keep computation from 46 to 48 ||  Skip computation from 49 to 49 ||  Keep computation from 50 to 51 ||  Skip computation from 52 to 52 ||  Keep computation from 53 to 55 ||  Skip computation from 56 to 56 ||  Keep computation from 57 to 59 ||  Skip computation from 60 to 60 ||  Keep computation from 61 to 63 ||  Skip computation from 64 to 64 ||  Keep computation from 65 to 72 || 
[rosout][INFO] 2025-03-13 14:38:14,962: bw 10:  Skip computation from 0 to 0 ||  Keep computation from 1 to 44 ||  Skip computation from 45 to 45 ||  Keep computation from 46 to 48 ||  Skip computation from 49 to 49 ||  Keep computation from 50 to 51 ||  Skip computation from 52 to 52 ||  Keep computation from 53 to 55 ||  Skip computation from 56 to 56 ||  Keep computation from 57 to 59 ||  Skip computation from 60 to 60 ||  Keep computation from 61 to 63 ||  Skip computation from 64 to 64 ||  Keep computation from 65 to 72 || 
[rosout][INFO] 2025-03-13 14:38:14,970: bw 11:  Skip computation from 0 to 0 ||  Keep computation from 1 to 44 ||  Skip computation from 45 to 45 ||  Keep computation from 46 to 48 ||  Skip computation from 49 to 49 ||  Keep computation from 50 to 51 ||  Skip computation from 52 to 52 ||  Keep computation from 53 to 55 ||  Skip computation from 56 to 56 ||  Keep computation from 57 to 59 ||  Skip computation from 60 to 60 ||  Keep computation from 61 to 63 ||  Skip computation from 64 to 64 ||  Keep computation from 65 to 72 || 
[rosout][INFO] 2025-03-13 14:38:14,979: bw 12:  Skip computation from 0 to 0 ||  Keep computation from 1 to 44 ||  Skip computation from 45 to 45 ||  Keep computation from 46 to 48 ||  Skip computation from 49 to 49 ||  Keep computation from 50 to 51 ||  Skip computation from 52 to 52 ||  Keep computation from 53 to 55 ||  Skip computation from 56 to 56 ||  Keep computation from 57 to 59 ||  Skip computation from 60 to 60 ||  Keep computation from 61 to 63 ||  Skip computation from 64 to 64 ||  Keep computation from 65 to 72 || 
[rosout][INFO] 2025-03-13 14:38:14,988: bw 13:  Skip computation from 0 to 0 ||  Keep computation from 1 to 44 ||  Skip computation from 45 to 45 ||  Keep computation from 46 to 48 ||  Skip computation from 49 to 49 ||  Keep computation from 50 to 51 ||  Skip computation from 52 to 52 ||  Keep computation from 53 to 55 ||  Skip computation from 56 to 56 ||  Keep computation from 57 to 59 ||  Skip computation from 60 to 60 ||  Keep computation from 61 to 63 ||  Skip computation from 64 to 64 ||  Keep computation from 65 to 72 || 
[rosout][INFO] 2025-03-13 14:38:14,997: bw 14:  Skip computation from 0 to 0 ||  Keep computation from 1 to 44 ||  Skip computation from 45 to 45 ||  Keep computation from 46 to 48 ||  Skip computation from 49 to 49 ||  Keep computation from 50 to 51 ||  Skip computation from 52 to 52 ||  Keep computation from 53 to 55 ||  Skip computation from 56 to 56 ||  Keep computation from 57 to 59 ||  Skip computation from 60 to 60 ||  Keep computation from 61 to 63 ||  Skip computation from 64 to 64 ||  Keep computation from 65 to 72 || 
[rosout][INFO] 2025-03-13 14:38:15,006: bw 15:  Skip computation from 0 to 0 ||  Keep computation from 1 to 44 ||  Skip computation from 45 to 45 ||  Keep computation from 46 to 48 ||  Skip computation from 49 to 49 ||  Keep computation from 50 to 51 ||  Skip computation from 52 to 52 ||  Keep computation from 53 to 55 ||  Skip computation from 56 to 56 ||  Keep computation from 57 to 59 ||  Skip computation from 60 to 60 ||  Keep computation from 61 to 63 ||  Skip computation from 64 to 64 ||  Keep computation from 65 to 72 || 
[rosout][INFO] 2025-03-13 14:38:15,014: bw 16:  Skip computation from 0 to 0 ||  Keep computation from 1 to 44 ||  Skip computation from 45 to 45 ||  Keep computation from 46 to 48 ||  Skip computation from 49 to 49 ||  Keep computation from 50 to 51 ||  Skip computation from 52 to 52 ||  Keep computation from 53 to 55 ||  Skip computation from 56 to 56 ||  Keep computation from 57 to 59 ||  Skip computation from 60 to 60 ||  Keep computation from 61 to 63 ||  Skip computation from 64 to 64 ||  Keep computation from 65 to 72 || 
[rosout][INFO] 2025-03-13 14:38:15,022: bw 17:  Skip computation from 0 to 0 ||  Keep computation from 1 to 44 ||  Skip computation from 45 to 45 ||  Keep computation from 46 to 48 ||  Skip computation from 49 to 49 ||  Keep computation from 50 to 51 ||  Skip computation from 52 to 52 ||  Keep computation from 53 to 55 ||  Skip computation from 56 to 56 ||  Keep computation from 57 to 59 ||  Skip computation from 60 to 60 ||  Keep computation from 61 to 63 ||  Skip computation from 64 to 64 ||  Keep computation from 65 to 72 || 
[rosout][INFO] 2025-03-13 14:38:15,031: bw 18:  Skip computation from 0 to 0 ||  Keep computation from 1 to 44 ||  Skip computation from 45 to 45 ||  Keep computation from 46 to 48 ||  Skip computation from 49 to 49 ||  Keep computation from 50 to 51 ||  Skip computation from 52 to 52 ||  Keep computation from 53 to 55 ||  Skip computation from 56 to 56 ||  Keep computation from 57 to 59 ||  Skip computation from 60 to 60 ||  Keep computation from 61 to 63 ||  Skip computation from 64 to 64 ||  Keep computation from 65 to 72 || 
[rosout][INFO] 2025-03-13 14:38:15,039: bw 19:  Skip computation from 0 to 0 ||  Keep computation from 1 to 44 ||  Skip computation from 45 to 45 ||  Keep computation from 46 to 48 ||  Skip computation from 49 to 49 ||  Keep computation from 50 to 51 ||  Skip computation from 52 to 52 ||  Keep computation from 53 to 55 ||  Skip computation from 56 to 56 ||  Keep computation from 57 to 59 ||  Skip computation from 60 to 60 ||  Keep computation from 61 to 63 ||  Skip computation from 64 to 64 ||  Keep computation from 65 to 72 || 
[rosout][INFO] 2025-03-13 14:38:15,047: bw 20:  Skip computation from 0 to 0 ||  Keep computation from 1 to 44 ||  Skip computation from 45 to 45 ||  Keep computation from 46 to 48 ||  Skip computation from 49 to 49 ||  Keep computation from 50 to 51 ||  Skip computation from 52 to 52 ||  Keep computation from 53 to 55 ||  Skip computation from 56 to 56 ||  Keep computation from 57 to 59 ||  Skip computation from 60 to 60 ||  Keep computation from 61 to 63 ||  Skip computation from 64 to 64 ||  Keep computation from 65 to 72 || 
[rosout][INFO] 2025-03-13 14:38:15,055: bw 21:  Skip computation from 0 to 0 ||  Keep computation from 1 to 44 ||  Skip computation from 45 to 45 ||  Keep computation from 46 to 48 ||  Skip computation from 49 to 49 ||  Keep computation from 50 to 51 ||  Skip computation from 52 to 52 ||  Keep computation from 53 to 55 ||  Skip computation from 56 to 56 ||  Keep computation from 57 to 59 ||  Skip computation from 60 to 60 ||  Keep computation from 61 to 63 ||  Skip computation from 64 to 64 ||  Keep computation from 65 to 72 || 
[rosout][INFO] 2025-03-13 14:38:15,064: bw 22:  Skip computation from 0 to 0 ||  Keep computation from 1 to 44 ||  Skip computation from 45 to 45 ||  Keep computation from 46 to 48 ||  Skip computation from 49 to 49 ||  Keep computation from 50 to 51 ||  Skip computation from 52 to 52 ||  Keep computation from 53 to 55 ||  Skip computation from 56 to 56 ||  Keep computation from 57 to 59 ||  Skip computation from 60 to 60 ||  Keep computation from 61 to 63 ||  Skip computation from 64 to 64 ||  Keep computation from 65 to 72 || 
[rosout][INFO] 2025-03-13 14:38:15,071: bw 23:  Skip computation from 0 to 0 ||  Keep computation from 1 to 44 ||  Skip computation from 45 to 45 ||  Keep computation from 46 to 48 ||  Skip computation from 49 to 49 ||  Keep computation from 50 to 51 ||  Skip computation from 52 to 52 ||  Keep computation from 53 to 55 ||  Skip computation from 56 to 56 ||  Keep computation from 57 to 59 ||  Skip computation from 60 to 60 ||  Keep computation from 61 to 63 ||  Skip computation from 64 to 64 ||  Keep computation from 65 to 72 || 
[rosout][INFO] 2025-03-13 14:38:15,079: bw 24:  Skip computation from 0 to 0 ||  Keep computation from 1 to 44 ||  Skip computation from 45 to 45 ||  Keep computation from 46 to 48 ||  Skip computation from 49 to 49 ||  Keep computation from 50 to 51 ||  Skip computation from 52 to 52 ||  Keep computation from 53 to 55 ||  Skip computation from 56 to 56 ||  Keep computation from 57 to 59 ||  Skip computation from 60 to 60 ||  Keep computation from 61 to 63 ||  Skip computation from 64 to 64 ||  Keep computation from 65 to 72 || 
[rosout][INFO] 2025-03-13 14:38:15,087: bw 25:  Skip computation from 0 to 0 ||  Keep computation from 1 to 44 ||  Skip computation from 45 to 45 ||  Keep computation from 46 to 48 ||  Skip computation from 49 to 49 ||  Keep computation from 50 to 51 ||  Skip computation from 52 to 52 ||  Keep computation from 53 to 55 ||  Skip computation from 56 to 56 ||  Keep computation from 57 to 59 ||  Skip computation from 60 to 60 ||  Keep computation from 61 to 63 ||  Skip computation from 64 to 64 ||  Keep computation from 65 to 72 || 
[rosout][INFO] 2025-03-13 14:38:15,094: bw 26:  Skip computation from 0 to 0 ||  Keep computation from 1 to 44 ||  Skip computation from 45 to 45 ||  Keep computation from 46 to 48 ||  Skip computation from 49 to 49 ||  Keep computation from 50 to 51 ||  Skip computation from 52 to 52 ||  Keep computation from 53 to 55 ||  Skip computation from 56 to 56 ||  Keep computation from 57 to 59 ||  Skip computation from 60 to 60 ||  Keep computation from 61 to 63 ||  Skip computation from 64 to 64 ||  Keep computation from 65 to 72 || 
[rosout][INFO] 2025-03-13 14:38:15,101: bw 27:  Skip computation from 0 to 0 ||  Keep computation from 1 to 44 ||  Skip computation from 45 to 45 ||  Keep computation from 46 to 48 ||  Skip computation from 49 to 49 ||  Keep computation from 50 to 51 ||  Skip computation from 52 to 52 ||  Keep computation from 53 to 55 ||  Skip computation from 56 to 56 ||  Keep computation from 57 to 59 ||  Skip computation from 60 to 60 ||  Keep computation from 61 to 63 ||  Skip computation from 64 to 64 ||  Keep computation from 65 to 72 || 
[rosout][INFO] 2025-03-13 14:38:15,109: bw 28:  Skip computation from 0 to 0 ||  Keep computation from 1 to 44 ||  Skip computation from 45 to 45 ||  Keep computation from 46 to 48 ||  Skip computation from 49 to 49 ||  Keep computation from 50 to 51 ||  Skip computation from 52 to 52 ||  Keep computation from 53 to 55 ||  Skip computation from 56 to 56 ||  Keep computation from 57 to 59 ||  Skip computation from 60 to 60 ||  Keep computation from 61 to 63 ||  Skip computation from 64 to 64 ||  Keep computation from 65 to 72 || 
[rosout][INFO] 2025-03-13 14:38:15,116: bw 29:  Skip computation from 0 to 0 ||  Keep computation from 1 to 44 ||  Skip computation from 45 to 45 ||  Keep computation from 46 to 48 ||  Skip computation from 49 to 49 ||  Keep computation from 50 to 51 ||  Skip computation from 52 to 52 ||  Keep computation from 53 to 55 ||  Skip computation from 56 to 56 ||  Keep computation from 57 to 59 ||  Skip computation from 60 to 60 ||  Keep computation from 61 to 63 ||  Skip computation from 64 to 64 ||  Keep computation from 65 to 72 || 
[rosout][INFO] 2025-03-13 14:38:20,190: All init complete.

[rosout][INFO] 2025-03-13 14:38:21,661: 0th client forward: bw 13, expected_exec_time 0.7777s, duration 1.4457s, inner_forward_dur 1.4447s communicated_bytes 0.0000MB
[rosout][INFO] 2025-03-13 14:38:22,450: 1th client forward: bw 15, expected_exec_time 0.7777s, duration 0.7767s, inner_forward_dur 0.7765s communicated_bytes 0.0000MB
[rosout][INFO] 2025-03-13 14:38:23,241: 2th client forward: bw 15, expected_exec_time 0.7777s, duration 0.7783s, inner_forward_dur 0.7781s communicated_bytes 0.0000MB
[rosout][INFO] 2025-03-13 14:38:24,029: 3th client forward: bw 14, expected_exec_time 0.7777s, duration 0.7767s, inner_forward_dur 0.7765s communicated_bytes 0.0000MB
[rosout][INFO] 2025-03-13 14:38:24,817: 4th client forward: bw 12, expected_exec_time 0.7777s, duration 0.7774s, inner_forward_dur 0.7772s communicated_bytes 0.0000MB
[rosout][INFO] 2025-03-13 14:38:25,605: 5th client forward: bw 12, expected_exec_time 0.7777s, duration 0.7769s, inner_forward_dur 0.7767s communicated_bytes 0.0000MB
[rosout][INFO] 2025-03-13 14:38:26,390: 6th client forward: bw 11, expected_exec_time 0.7777s, duration 0.7725s, inner_forward_dur 0.7724s communicated_bytes 0.0000MB
[rosout][INFO] 2025-03-13 14:38:27,178: 7th client forward: bw 9, expected_exec_time 0.7777s, duration 0.7766s, inner_forward_dur 0.7764s communicated_bytes 0.0000MB
[rosout][INFO] 2025-03-13 14:38:27,963: 8th client forward: bw 9, expected_exec_time 0.7777s, duration 0.7745s, inner_forward_dur 0.7743s communicated_bytes 0.0000MB
[rosout][INFO] 2025-03-13 14:38:28,751: 9th client forward: bw 13, expected_exec_time 0.7777s, duration 0.7772s, inner_forward_dur 0.7770s communicated_bytes 0.0000MB
[rosout][INFO] 2025-03-13 14:38:29,540: 10th client forward: bw 14, expected_exec_time 0.7777s, duration 0.7766s, inner_forward_dur 0.7764s communicated_bytes 0.0000MB
[rosout][INFO] 2025-03-13 14:38:30,328: 11th client forward: bw 10, expected_exec_time 0.7777s, duration 0.7763s, inner_forward_dur 0.7757s communicated_bytes 0.0000MB
[rosout][INFO] 2025-03-13 14:38:31,132: 12th client forward: bw 10, expected_exec_time 0.7777s, duration 0.7914s, inner_forward_dur 0.7912s communicated_bytes 0.0000MB
[rosout][INFO] 2025-03-13 14:38:32,058: 13th client forward: bw 12, expected_exec_time 0.7777s, duration 0.7759s, inner_forward_dur 0.7757s communicated_bytes 0.0000MB
[rosout][INFO] 2025-03-13 14:38:32,846: 14th client forward: bw 13, expected_exec_time 0.7777s, duration 0.7766s, inner_forward_dur 0.7764s communicated_bytes 0.0000MB
[rosout][INFO] 2025-03-13 14:38:33,637: 15th client forward: bw 11, expected_exec_time 0.7777s, duration 0.7769s, inner_forward_dur 0.7767s communicated_bytes 0.0000MB
[rosout][INFO] 2025-03-13 14:38:34,426: 16th client forward: bw 9, expected_exec_time 0.7777s, duration 0.7770s, inner_forward_dur 0.7768s communicated_bytes 0.0000MB
[rosout][INFO] 2025-03-13 14:38:35,212: 17th client forward: bw 10, expected_exec_time 0.7777s, duration 0.7748s, inner_forward_dur 0.7747s communicated_bytes 0.0000MB
[rosout][INFO] 2025-03-13 14:38:36,001: 18th client forward: bw 16, expected_exec_time 0.7777s, duration 0.7771s, inner_forward_dur 0.7770s communicated_bytes 0.0000MB
[rosout][INFO] 2025-03-13 14:38:36,787: 19th client forward: bw 9, expected_exec_time 0.7777s, duration 0.7723s, inner_forward_dur 0.7722s communicated_bytes 0.0000MB
[rosout][INFO] 2025-03-13 14:38:37,576: 20th client forward: bw 12, expected_exec_time 0.7777s, duration 0.7775s, inner_forward_dur 0.7772s communicated_bytes 0.0000MB
[rosout][INFO] 2025-03-13 14:38:38,365: 21th client forward: bw 12, expected_exec_time 0.7777s, duration 0.7771s, inner_forward_dur 0.7770s communicated_bytes 0.0000MB
[rosout][INFO] 2025-03-13 14:38:39,154: 22th client forward: bw 9, expected_exec_time 0.7777s, duration 0.7768s, inner_forward_dur 0.7766s communicated_bytes 0.0000MB
[rosout][INFO] 2025-03-13 14:38:39,940: 23th client forward: bw 15, expected_exec_time 0.7777s, duration 0.7730s, inner_forward_dur 0.7728s communicated_bytes 0.0000MB
[rosout][INFO] 2025-03-13 14:38:40,743: 24th client forward: bw 14, expected_exec_time 0.7777s, duration 0.7917s, inner_forward_dur 0.7914s communicated_bytes 0.0000MB
[rosout][INFO] 2025-03-13 14:38:41,627: 25th client forward: bw 15, expected_exec_time 0.7777s, duration 0.8627s, inner_forward_dur 0.8622s communicated_bytes 0.0000MB
[rosout][INFO] 2025-03-13 14:38:42,557: 26th client forward: bw 12, expected_exec_time 0.7777s, duration 0.7779s, inner_forward_dur 0.7777s communicated_bytes 0.0000MB
[rosout][INFO] 2025-03-13 14:38:43,346: 27th client forward: bw 13, expected_exec_time 0.7777s, duration 0.7770s, inner_forward_dur 0.7768s communicated_bytes 0.0000MB
[rosout][INFO] 2025-03-13 14:38:44,132: 28th client forward: bw 15, expected_exec_time 0.7777s, duration 0.7754s, inner_forward_dur 0.7752s communicated_bytes 0.0000MB
[rosout][INFO] 2025-03-13 14:38:44,921: 29th client forward: bw 13, expected_exec_time 0.7777s, duration 0.7766s, inner_forward_dur 0.7765s communicated_bytes 0.0000MB
[rosout][INFO] 2025-03-13 14:38:45,709: 30th client forward: bw 14, expected_exec_time 0.7777s, duration 0.7766s, inner_forward_dur 0.7764s communicated_bytes 0.0000MB
[rosout][INFO] 2025-03-13 14:38:46,497: 31th client forward: bw 13, expected_exec_time 0.7777s, duration 0.7762s, inner_forward_dur 0.7760s communicated_bytes 0.0000MB
[rosout][INFO] 2025-03-13 14:38:47,288: 32th client forward: bw 9, expected_exec_time 0.7777s, duration 0.7772s, inner_forward_dur 0.7770s communicated_bytes 0.0000MB
[rosout][INFO] 2025-03-13 14:38:48,078: 33th client forward: bw 12, expected_exec_time 0.7777s, duration 0.7767s, inner_forward_dur 0.7765s communicated_bytes 0.0000MB
[rosout][INFO] 2025-03-13 14:38:48,864: 34th client forward: bw 12, expected_exec_time 0.7777s, duration 0.7736s, inner_forward_dur 0.7734s communicated_bytes 0.0000MB
[rosout][INFO] 2025-03-13 14:38:49,653: 35th client forward: bw 13, expected_exec_time 0.7777s, duration 0.7775s, inner_forward_dur 0.7773s communicated_bytes 0.0000MB
[rosout][INFO] 2025-03-13 14:38:50,441: 36th client forward: bw 13, expected_exec_time 0.7777s, duration 0.7744s, inner_forward_dur 0.7742s communicated_bytes 0.0000MB
[rosout][INFO] 2025-03-13 14:38:51,247: 37th client forward: bw 12, expected_exec_time 0.7777s, duration 0.7934s, inner_forward_dur 0.7931s communicated_bytes 0.0000MB
[rosout][INFO] 2025-03-13 14:38:52,036: 38th client forward: bw 15, expected_exec_time 0.7777s, duration 0.7768s, inner_forward_dur 0.7767s communicated_bytes 0.0000MB
[rosout][INFO] 2025-03-13 14:38:52,828: 39th client forward: bw 14, expected_exec_time 0.7777s, duration 0.7763s, inner_forward_dur 0.7760s communicated_bytes 0.0000MB
[rosout][INFO] 2025-03-13 14:38:53,617: 40th client forward: bw 10, expected_exec_time 0.7777s, duration 0.7751s, inner_forward_dur 0.7749s communicated_bytes 0.0000MB
[rosout][INFO] 2025-03-13 14:38:54,407: 41th client forward: bw 10, expected_exec_time 0.7777s, duration 0.7772s, inner_forward_dur 0.7770s communicated_bytes 0.0000MB
[rosout][INFO] 2025-03-13 14:38:55,195: 42th client forward: bw 11, expected_exec_time 0.7777s, duration 0.7761s, inner_forward_dur 0.7760s communicated_bytes 0.0000MB
[rosout][INFO] 2025-03-13 14:38:55,985: 43th client forward: bw 13, expected_exec_time 0.7777s, duration 0.7780s, inner_forward_dur 0.7778s communicated_bytes 0.0000MB
[rosout][INFO] 2025-03-13 14:38:56,774: 44th client forward: bw 16, expected_exec_time 0.7777s, duration 0.7766s, inner_forward_dur 0.7763s communicated_bytes 0.0000MB
[rosout][INFO] 2025-03-13 14:38:57,561: 45th client forward: bw 15, expected_exec_time 0.7777s, duration 0.7756s, inner_forward_dur 0.7755s communicated_bytes 0.0000MB
[rosout][INFO] 2025-03-13 14:38:58,350: 46th client forward: bw 16, expected_exec_time 0.7777s, duration 0.7767s, inner_forward_dur 0.7766s communicated_bytes 0.0000MB
[rosout][INFO] 2025-03-13 14:38:59,137: 47th client forward: bw 15, expected_exec_time 0.7777s, duration 0.7746s, inner_forward_dur 0.7745s communicated_bytes 0.0000MB
[rosout][INFO] 2025-03-13 14:38:59,925: 48th client forward: bw 14, expected_exec_time 0.7777s, duration 0.7762s, inner_forward_dur 0.7760s communicated_bytes 0.0000MB
[rosout][INFO] 2025-03-13 14:39:00,719: 49th client forward: bw 10, expected_exec_time 0.7777s, duration 0.7813s, inner_forward_dur 0.7810s communicated_bytes 0.0000MB
[rosout][INFO] 2025-03-13 14:39:01,521: 50th client forward: bw 12, expected_exec_time 0.7777s, duration 0.7894s, inner_forward_dur 0.7890s communicated_bytes 0.0000MB
[rosout][INFO] 2025-03-13 14:39:02,306: 51th client forward: bw 12, expected_exec_time 0.7777s, duration 0.7726s, inner_forward_dur 0.7723s communicated_bytes 0.0000MB
[rosout][INFO] 2025-03-13 14:39:03,234: 52th client forward: bw 15, expected_exec_time 0.7777s, duration 0.7767s, inner_forward_dur 0.7766s communicated_bytes 0.0000MB
[rosout][INFO] 2025-03-13 14:39:04,019: 53th client forward: bw 15, expected_exec_time 0.7777s, duration 0.7744s, inner_forward_dur 0.7743s communicated_bytes 0.0000MB
[rosout][INFO] 2025-03-13 14:39:04,807: 54th client forward: bw 12, expected_exec_time 0.7777s, duration 0.7766s, inner_forward_dur 0.7764s communicated_bytes 0.0000MB
[rosout][INFO] 2025-03-13 14:39:05,595: 55th client forward: bw 16, expected_exec_time 0.7777s, duration 0.7766s, inner_forward_dur 0.7765s communicated_bytes 0.0000MB
[rosout][INFO] 2025-03-13 14:39:06,382: 56th client forward: bw 13, expected_exec_time 0.7777s, duration 0.7765s, inner_forward_dur 0.7763s communicated_bytes 0.0000MB
[rosout][INFO] 2025-03-13 14:39:07,170: 57th client forward: bw 12, expected_exec_time 0.7777s, duration 0.7767s, inner_forward_dur 0.7765s communicated_bytes 0.0000MB
[rosout][INFO] 2025-03-13 14:39:07,959: 58th client forward: bw 11, expected_exec_time 0.7777s, duration 0.7774s, inner_forward_dur 0.7772s communicated_bytes 0.0000MB
[rosout][INFO] 2025-03-13 14:39:08,752: 59th client forward: bw 12, expected_exec_time 0.7777s, duration 0.7766s, inner_forward_dur 0.7763s communicated_bytes 0.0000MB
[rosout][INFO] 2025-03-13 14:39:09,539: 60th client forward: bw 11, expected_exec_time 0.7777s, duration 0.7769s, inner_forward_dur 0.7768s communicated_bytes 0.0000MB
[rosout][INFO] 2025-03-13 14:39:10,328: 61th client forward: bw 14, expected_exec_time 0.7777s, duration 0.7771s, inner_forward_dur 0.7770s communicated_bytes 0.0000MB
[rosout][INFO] 2025-03-13 14:39:11,131: 62th client forward: bw 15, expected_exec_time 0.7777s, duration 0.7928s, inner_forward_dur 0.7926s communicated_bytes 0.0000MB
[rosout][INFO] 2025-03-13 14:39:11,921: 63th client forward: bw 9, expected_exec_time 0.7777s, duration 0.7769s, inner_forward_dur 0.7767s communicated_bytes 0.0000MB
[rosout][INFO] 2025-03-13 14:39:12,706: 64th client forward: bw 9, expected_exec_time 0.7777s, duration 0.7731s, inner_forward_dur 0.7729s communicated_bytes 0.0000MB
[rosout][INFO] 2025-03-13 14:39:13,634: 65th client forward: bw 13, expected_exec_time 0.7777s, duration 0.7761s, inner_forward_dur 0.7760s communicated_bytes 0.0000MB
[rosout][INFO] 2025-03-13 14:39:14,424: 66th client forward: bw 9, expected_exec_time 0.7777s, duration 0.7768s, inner_forward_dur 0.7766s communicated_bytes 0.0000MB
[rosout][INFO] 2025-03-13 14:39:15,215: 67th client forward: bw 14, expected_exec_time 0.7777s, duration 0.7789s, inner_forward_dur 0.7786s communicated_bytes 0.0000MB
[rosout][INFO] 2025-03-13 14:39:16,000: 68th client forward: bw 12, expected_exec_time 0.7777s, duration 0.7730s, inner_forward_dur 0.7728s communicated_bytes 0.0000MB
[rosout][INFO] 2025-03-13 14:39:16,789: 69th client forward: bw 16, expected_exec_time 0.7777s, duration 0.7772s, inner_forward_dur 0.7771s communicated_bytes 0.0000MB
[rosout][INFO] 2025-03-13 14:39:17,577: 70th client forward: bw 15, expected_exec_time 0.7777s, duration 0.7762s, inner_forward_dur 0.7760s communicated_bytes 0.0000MB
[rosout][INFO] 2025-03-13 14:39:18,365: 71th client forward: bw 15, expected_exec_time 0.7777s, duration 0.7769s, inner_forward_dur 0.7768s communicated_bytes 0.0000MB
[rosout][INFO] 2025-03-13 14:39:19,154: 72th client forward: bw 11, expected_exec_time 0.7777s, duration 0.7771s, inner_forward_dur 0.7769s communicated_bytes 0.0000MB
[rosout][INFO] 2025-03-13 14:39:19,942: 73th client forward: bw 12, expected_exec_time 0.7777s, duration 0.7759s, inner_forward_dur 0.7758s communicated_bytes 0.0000MB
[rosout][INFO] 2025-03-13 14:39:20,739: 74th client forward: bw 10, expected_exec_time 0.7777s, duration 0.7850s, inner_forward_dur 0.7848s communicated_bytes 0.0000MB
[rosout][INFO] 2025-03-13 14:39:21,537: 75th client forward: bw 13, expected_exec_time 0.7777s, duration 0.7852s, inner_forward_dur 0.7850s communicated_bytes 0.0000MB
[rosout][INFO] 2025-03-13 14:39:22,327: 76th client forward: bw 15, expected_exec_time 0.7777s, duration 0.7768s, inner_forward_dur 0.7766s communicated_bytes 0.0000MB
[rosout][INFO] 2025-03-13 14:39:23,116: 77th client forward: bw 16, expected_exec_time 0.7777s, duration 0.7774s, inner_forward_dur 0.7773s communicated_bytes 0.0000MB
[rosout][INFO] 2025-03-13 14:39:23,906: 78th client forward: bw 12, expected_exec_time 0.7777s, duration 0.7765s, inner_forward_dur 0.7762s communicated_bytes 0.0000MB
[rosout][INFO] 2025-03-13 14:39:24,691: 79th client forward: bw 16, expected_exec_time 0.7777s, duration 0.7739s, inner_forward_dur 0.7737s communicated_bytes 0.0000MB
[rosout][INFO] 2025-03-13 14:39:25,481: 80th client forward: bw 14, expected_exec_time 0.7777s, duration 0.7768s, inner_forward_dur 0.7766s communicated_bytes 0.0000MB
[rosout][INFO] 2025-03-13 14:39:26,265: 81th client forward: bw 13, expected_exec_time 0.7777s, duration 0.7735s, inner_forward_dur 0.7734s communicated_bytes 0.0000MB
[rosout][INFO] 2025-03-13 14:39:27,055: 82th client forward: bw 11, expected_exec_time 0.7777s, duration 0.7766s, inner_forward_dur 0.7765s communicated_bytes 0.0000MB
[rosout][INFO] 2025-03-13 14:39:27,844: 83th client forward: bw 9, expected_exec_time 0.7777s, duration 0.7766s, inner_forward_dur 0.7764s communicated_bytes 0.0000MB
[rosout][INFO] 2025-03-13 14:39:28,631: 84th client forward: bw 16, expected_exec_time 0.7777s, duration 0.7760s, inner_forward_dur 0.7758s communicated_bytes 0.0000MB
[rosout][INFO] 2025-03-13 14:39:29,418: 85th client forward: bw 16, expected_exec_time 0.7777s, duration 0.7756s, inner_forward_dur 0.7753s communicated_bytes 0.0000MB
[rosout][INFO] 2025-03-13 14:39:30,207: 86th client forward: bw 11, expected_exec_time 0.7777s, duration 0.7770s, inner_forward_dur 0.7768s communicated_bytes 0.0000MB
[rosout][INFO] 2025-03-13 14:39:31,014: 87th client forward: bw 11, expected_exec_time 0.7777s, duration 0.7950s, inner_forward_dur 0.7949s communicated_bytes 0.0000MB
[rosout][INFO] 2025-03-13 14:39:31,803: 88th client forward: bw 8, expected_exec_time 0.7777s, duration 0.7770s, inner_forward_dur 0.7769s communicated_bytes 0.0000MB
[rosout][INFO] 2025-03-13 14:39:32,591: 89th client forward: bw 9, expected_exec_time 0.7777s, duration 0.7770s, inner_forward_dur 0.7768s communicated_bytes 0.0000MB
[rosout][INFO] 2025-03-13 14:39:33,379: 90th client forward: bw 8, expected_exec_time 0.7777s, duration 0.7752s, inner_forward_dur 0.7751s communicated_bytes 0.0000MB
[rosout][INFO] 2025-03-13 14:39:34,264: 91th client forward: bw 12, expected_exec_time 0.7777s, duration 0.7765s, inner_forward_dur 0.7763s communicated_bytes 0.0000MB
[rosout][INFO] 2025-03-13 14:39:35,051: 92th client forward: bw 11, expected_exec_time 0.7777s, duration 0.7753s, inner_forward_dur 0.7750s communicated_bytes 0.0000MB
[rosout][INFO] 2025-03-13 14:39:35,839: 93th client forward: bw 11, expected_exec_time 0.7777s, duration 0.7772s, inner_forward_dur 0.7771s communicated_bytes 0.0000MB
[rosout][INFO] 2025-03-13 14:39:36,628: 94th client forward: bw 8, expected_exec_time 0.7777s, duration 0.7771s, inner_forward_dur 0.7769s communicated_bytes 0.0000MB
[rosout][INFO] 2025-03-13 14:39:37,417: 95th client forward: bw 12, expected_exec_time 0.7777s, duration 0.7774s, inner_forward_dur 0.7772s communicated_bytes 0.0000MB
[rosout][INFO] 2025-03-13 14:39:38,201: 96th client forward: bw 10, expected_exec_time 0.7777s, duration 0.7727s, inner_forward_dur 0.7725s communicated_bytes 0.0000MB
[rosout][INFO] 2025-03-13 14:39:38,989: 97th client forward: bw 13, expected_exec_time 0.7777s, duration 0.7774s, inner_forward_dur 0.7772s communicated_bytes 0.0000MB
[rosout][INFO] 2025-03-13 14:39:39,777: 98th client forward: bw 13, expected_exec_time 0.7777s, duration 0.7752s, inner_forward_dur 0.7750s communicated_bytes 0.0000MB
[rosout][INFO] 2025-03-13 14:39:40,564: 99th client forward: bw 11, expected_exec_time 0.7777s, duration 0.7771s, inner_forward_dur 0.7769s communicated_bytes 0.0000MB
[rosout][INFO] 2025-03-13 14:39:41,403: 100th client forward: bw 8, expected_exec_time 0.7777s, duration 0.8275s, inner_forward_dur 0.8273s communicated_bytes 0.0000MB
[rosout][INFO] 2025-03-13 14:39:42,195: 101th client forward: bw 12, expected_exec_time 0.7777s, duration 0.7800s, inner_forward_dur 0.7799s communicated_bytes 0.0000MB
[rosout][INFO] 2025-03-13 14:39:42,984: 102th client forward: bw 12, expected_exec_time 0.7777s, duration 0.7767s, inner_forward_dur 0.7764s communicated_bytes 0.0000MB
[rosout][INFO] 2025-03-13 14:39:43,772: 103th client forward: bw 12, expected_exec_time 0.7777s, duration 0.7764s, inner_forward_dur 0.7763s communicated_bytes 0.0000MB
[rosout][INFO] 2025-03-13 14:39:44,560: 104th client forward: bw 8, expected_exec_time 0.7777s, duration 0.7761s, inner_forward_dur 0.7759s communicated_bytes 0.0000MB
[rosout][INFO] 2025-03-13 14:39:45,348: 105th client forward: bw 11, expected_exec_time 0.7777s, duration 0.7773s, inner_forward_dur 0.7771s communicated_bytes 0.0000MB
[rosout][INFO] 2025-03-13 14:39:46,138: 106th client forward: bw 8, expected_exec_time 0.7777s, duration 0.7773s, inner_forward_dur 0.7770s communicated_bytes 0.0000MB
[rosout][INFO] 2025-03-13 14:39:46,924: 107th client forward: bw 13, expected_exec_time 0.7777s, duration 0.7749s, inner_forward_dur 0.7748s communicated_bytes 0.0000MB
[rosout][INFO] 2025-03-13 14:39:47,714: 108th client forward: bw 10, expected_exec_time 0.7777s, duration 0.7766s, inner_forward_dur 0.7763s communicated_bytes 0.0000MB
[rosout][INFO] 2025-03-13 14:39:48,500: 109th client forward: bw 10, expected_exec_time 0.7777s, duration 0.7748s, inner_forward_dur 0.7746s communicated_bytes 0.0000MB
[rosout][INFO] 2025-03-13 14:39:49,290: 110th client forward: bw 13, expected_exec_time 0.7777s, duration 0.7762s, inner_forward_dur 0.7760s communicated_bytes 0.0000MB
[rosout][INFO] 2025-03-13 14:39:50,219: 111th client forward: bw 9, expected_exec_time 0.7777s, duration 0.7764s, inner_forward_dur 0.7763s communicated_bytes 0.0000MB
[rosout][INFO] 2025-03-13 14:39:51,023: 112th client forward: bw 13, expected_exec_time 0.7777s, duration 0.7928s, inner_forward_dur 0.7927s communicated_bytes 0.0000MB
[rosout][INFO] 2025-03-13 14:39:51,807: 113th client forward: bw 11, expected_exec_time 0.7777s, duration 0.7721s, inner_forward_dur 0.7719s communicated_bytes 0.0000MB
[rosout][INFO] 2025-03-13 14:39:52,595: 114th client forward: bw 10, expected_exec_time 0.7777s, duration 0.7772s, inner_forward_dur 0.7770s communicated_bytes 0.0000MB
[rosout][INFO] 2025-03-13 14:39:53,384: 115th client forward: bw 8, expected_exec_time 0.7777s, duration 0.7764s, inner_forward_dur 0.7762s communicated_bytes 0.0000MB
[rosout][INFO] 2025-03-13 14:39:54,171: 116th client forward: bw 10, expected_exec_time 0.7777s, duration 0.7760s, inner_forward_dur 0.7758s communicated_bytes 0.0000MB
[rosout][INFO] 2025-03-13 14:39:54,959: 117th client forward: bw 10, expected_exec_time 0.7777s, duration 0.7767s, inner_forward_dur 0.7766s communicated_bytes 0.0000MB
[rosout][INFO] 2025-03-13 14:39:55,745: 118th client forward: bw 12, expected_exec_time 0.7777s, duration 0.7757s, inner_forward_dur 0.7756s communicated_bytes 0.0000MB
[rosout][INFO] 2025-03-13 14:39:56,535: 119th client forward: bw 12, expected_exec_time 0.7777s, duration 0.7776s, inner_forward_dur 0.7775s communicated_bytes 0.0000MB
[rosout][INFO] 2025-03-13 14:39:57,321: 120th client forward: bw 13, expected_exec_time 0.7777s, duration 0.7759s, inner_forward_dur 0.7757s communicated_bytes 0.0000MB
[rosout][INFO] 2025-03-13 14:39:58,110: 121th client forward: bw 12, expected_exec_time 0.7777s, duration 0.7771s, inner_forward_dur 0.7770s communicated_bytes 0.0000MB
[rosout][INFO] 2025-03-13 14:39:58,899: 122th client forward: bw 12, expected_exec_time 0.7777s, duration 0.7763s, inner_forward_dur 0.7761s communicated_bytes 0.0000MB
[rosout][INFO] 2025-03-13 14:39:59,688: 123th client forward: bw 12, expected_exec_time 0.7777s, duration 0.7772s, inner_forward_dur 0.7770s communicated_bytes 0.0000MB
[rosout][INFO] 2025-03-13 14:40:00,478: 124th client forward: bw 10, expected_exec_time 0.7777s, duration 0.7732s, inner_forward_dur 0.7731s communicated_bytes 0.0000MB
[rosout][INFO] 2025-03-13 14:40:01,292: 125th client forward: bw 10, expected_exec_time 0.7777s, duration 0.8015s, inner_forward_dur 0.8013s communicated_bytes 0.0000MB
[rosout][INFO] 2025-03-13 14:40:02,077: 126th client forward: bw 10, expected_exec_time 0.7777s, duration 0.7734s, inner_forward_dur 0.7733s communicated_bytes 0.0000MB
[rosout][INFO] 2025-03-13 14:40:02,866: 127th client forward: bw 11, expected_exec_time 0.7777s, duration 0.7768s, inner_forward_dur 0.7766s communicated_bytes 0.0000MB
[rosout][INFO] 2025-03-13 14:40:03,655: 128th client forward: bw 8, expected_exec_time 0.7777s, duration 0.7765s, inner_forward_dur 0.7763s communicated_bytes 0.0000MB
[rosout][INFO] 2025-03-13 14:40:04,443: 129th client forward: bw 8, expected_exec_time 0.7777s, duration 0.7761s, inner_forward_dur 0.7759s communicated_bytes 0.0000MB
[rosout][INFO] 2025-03-13 14:40:05,229: 130th client forward: bw 11, expected_exec_time 0.7777s, duration 0.7748s, inner_forward_dur 0.7746s communicated_bytes 0.0000MB
[rosout][INFO] 2025-03-13 14:40:06,019: 131th client forward: bw 12, expected_exec_time 0.7777s, duration 0.7781s, inner_forward_dur 0.7779s communicated_bytes 0.0000MB
[rosout][INFO] 2025-03-13 14:40:06,808: 132th client forward: bw 9, expected_exec_time 0.7777s, duration 0.7762s, inner_forward_dur 0.7760s communicated_bytes 0.0000MB
[rosout][INFO] 2025-03-13 14:40:07,595: 133th client forward: bw 11, expected_exec_time 0.7777s, duration 0.7762s, inner_forward_dur 0.7761s communicated_bytes 0.0000MB
[rosout][INFO] 2025-03-13 14:40:08,384: 134th client forward: bw 11, expected_exec_time 0.7777s, duration 0.7771s, inner_forward_dur 0.7769s communicated_bytes 0.0000MB
[rosout][INFO] 2025-03-13 14:40:09,172: 135th client forward: bw 13, expected_exec_time 0.7777s, duration 0.7761s, inner_forward_dur 0.7760s communicated_bytes 0.0000MB
[rosout][INFO] 2025-03-13 14:40:09,961: 136th client forward: bw 12, expected_exec_time 0.7777s, duration 0.7765s, inner_forward_dur 0.7762s communicated_bytes 0.0000MB
[rosout][INFO] 2025-03-13 14:40:10,867: 137th client forward: bw 6, expected_exec_time 0.7777s, duration 0.7873s, inner_forward_dur 0.7872s communicated_bytes 0.0000MB
[rosout][INFO] 2025-03-13 14:40:11,654: 138th client forward: bw 15, expected_exec_time 0.7777s, duration 0.7768s, inner_forward_dur 0.7766s communicated_bytes 0.0000MB
[rosout][INFO] 2025-03-13 14:40:12,443: 139th client forward: bw 11, expected_exec_time 0.7777s, duration 0.7764s, inner_forward_dur 0.7762s communicated_bytes 0.0000MB
[rosout][INFO] 2025-03-13 14:40:13,230: 140th client forward: bw 15, expected_exec_time 0.7777s, duration 0.7772s, inner_forward_dur 0.7770s communicated_bytes 0.0000MB
[rosout][INFO] 2025-03-13 14:40:14,016: 141th client forward: bw 15, expected_exec_time 0.7777s, duration 0.7724s, inner_forward_dur 0.7722s communicated_bytes 0.0000MB
[rosout][INFO] 2025-03-13 14:40:14,803: 142th client forward: bw 18, expected_exec_time 0.7777s, duration 0.7767s, inner_forward_dur 0.7765s communicated_bytes 0.0000MB
[rosout][INFO] 2025-03-13 14:40:15,591: 143th client forward: bw 19, expected_exec_time 0.7777s, duration 0.7749s, inner_forward_dur 0.7746s communicated_bytes 0.0000MB
[rosout][INFO] 2025-03-13 14:40:16,379: 144th client forward: bw 17, expected_exec_time 0.7777s, duration 0.7773s, inner_forward_dur 0.7771s communicated_bytes 0.0000MB
[rosout][INFO] 2025-03-13 14:40:17,167: 145th client forward: bw 17, expected_exec_time 0.7777s, duration 0.7766s, inner_forward_dur 0.7764s communicated_bytes 0.0000MB
[rosout][INFO] 2025-03-13 14:40:17,954: 146th client forward: bw 15, expected_exec_time 0.7777s, duration 0.7768s, inner_forward_dur 0.7766s communicated_bytes 0.0000MB
[rosout][INFO] 2025-03-13 14:40:18,745: 147th client forward: bw 12, expected_exec_time 0.7777s, duration 0.7775s, inner_forward_dur 0.7773s communicated_bytes 0.0000MB
[rosout][INFO] 2025-03-13 14:40:19,532: 148th client forward: bw 17, expected_exec_time 0.7777s, duration 0.7765s, inner_forward_dur 0.7763s communicated_bytes 0.0000MB
[rosout][INFO] 2025-03-13 14:40:20,319: 149th client forward: bw 12, expected_exec_time 0.7777s, duration 0.7765s, inner_forward_dur 0.7762s communicated_bytes 0.0000MB
[rosout][INFO] 2025-03-13 14:40:21,134: 150th client forward: bw 17, expected_exec_time 0.7777s, duration 0.8017s, inner_forward_dur 0.8015s communicated_bytes 0.0000MB
[rosout][INFO] 2025-03-13 14:40:21,923: 151th client forward: bw 19, expected_exec_time 0.7777s, duration 0.7777s, inner_forward_dur 0.7776s communicated_bytes 0.0000MB
[rosout][INFO] 2025-03-13 14:40:22,710: 152th client forward: bw 11, expected_exec_time 0.7777s, duration 0.7748s, inner_forward_dur 0.7747s communicated_bytes 0.0000MB
[rosout][INFO] 2025-03-13 14:40:23,497: 153th client forward: bw 12, expected_exec_time 0.7777s, duration 0.7763s, inner_forward_dur 0.7761s communicated_bytes 0.0000MB
[rosout][INFO] 2025-03-13 14:40:24,282: 154th client forward: bw 11, expected_exec_time 0.7777s, duration 0.7731s, inner_forward_dur 0.7728s communicated_bytes 0.0000MB
[rosout][INFO] 2025-03-13 14:40:25,072: 155th client forward: bw 14, expected_exec_time 0.7777s, duration 0.7769s, inner_forward_dur 0.7767s communicated_bytes 0.0000MB
[rosout][INFO] 2025-03-13 14:40:25,860: 156th client forward: bw 16, expected_exec_time 0.7777s, duration 0.7765s, inner_forward_dur 0.7763s communicated_bytes 0.0000MB
[rosout][INFO] 2025-03-13 14:40:26,649: 157th client forward: bw 15, expected_exec_time 0.7777s, duration 0.7772s, inner_forward_dur 0.7770s communicated_bytes 0.0000MB
[rosout][INFO] 2025-03-13 14:40:27,433: 158th client forward: bw 12, expected_exec_time 0.7777s, duration 0.7723s, inner_forward_dur 0.7721s communicated_bytes 0.0000MB
[rosout][INFO] 2025-03-13 14:40:28,222: 159th client forward: bw 14, expected_exec_time 0.7777s, duration 0.7766s, inner_forward_dur 0.7764s communicated_bytes 0.0000MB
[rosout][INFO] 2025-03-13 14:40:29,009: 160th client forward: bw 15, expected_exec_time 0.7777s, duration 0.7760s, inner_forward_dur 0.7758s communicated_bytes 0.0000MB
[rosout][INFO] 2025-03-13 14:40:29,797: 161th client forward: bw 17, expected_exec_time 0.7777s, duration 0.7761s, inner_forward_dur 0.7759s communicated_bytes 0.0000MB
[rosout][INFO] 2025-03-13 14:40:30,585: 162th client forward: bw 15, expected_exec_time 0.7777s, duration 0.7770s, inner_forward_dur 0.7769s communicated_bytes 0.0000MB
[rosout][INFO] 2025-03-13 14:40:31,403: 163th client forward: bw 13, expected_exec_time 0.7777s, duration 0.8065s, inner_forward_dur 0.8064s communicated_bytes 0.0000MB
[rosout][INFO] 2025-03-13 14:40:32,192: 164th client forward: bw 19, expected_exec_time 0.7777s, duration 0.7770s, inner_forward_dur 0.7769s communicated_bytes 0.0000MB
[rosout][INFO] 2025-03-13 14:40:32,980: 165th client forward: bw 15, expected_exec_time 0.7777s, duration 0.7764s, inner_forward_dur 0.7763s communicated_bytes 0.0000MB
[rosout][INFO] 2025-03-13 14:40:33,766: 166th client forward: bw 18, expected_exec_time 0.7777s, duration 0.7763s, inner_forward_dur 0.7761s communicated_bytes 0.0000MB
[rosout][INFO] 2025-03-13 14:40:34,553: 167th client forward: bw 11, expected_exec_time 0.7777s, duration 0.7759s, inner_forward_dur 0.7757s communicated_bytes 0.0000MB
[rosout][INFO] 2025-03-13 14:40:35,341: 168th client forward: bw 15, expected_exec_time 0.7777s, duration 0.7767s, inner_forward_dur 0.7765s communicated_bytes 0.0000MB
[rosout][INFO] 2025-03-13 14:40:36,127: 169th client forward: bw 19, expected_exec_time 0.7777s, duration 0.7741s, inner_forward_dur 0.7739s communicated_bytes 0.0000MB
[rosout][INFO] 2025-03-13 14:40:37,055: 170th client forward: bw 16, expected_exec_time 0.7777s, duration 0.7772s, inner_forward_dur 0.7770s communicated_bytes 0.0000MB
[rosout][INFO] 2025-03-13 14:40:37,839: 171th client forward: bw 16, expected_exec_time 0.7777s, duration 0.7726s, inner_forward_dur 0.7725s communicated_bytes 0.0000MB
[rosout][INFO] 2025-03-13 14:40:38,627: 172th client forward: bw 17, expected_exec_time 0.7777s, duration 0.7769s, inner_forward_dur 0.7767s communicated_bytes 0.0000MB
[rosout][INFO] 2025-03-13 14:40:39,418: 173th client forward: bw 16, expected_exec_time 0.7777s, duration 0.7768s, inner_forward_dur 0.7767s communicated_bytes 0.0000MB
[rosout][INFO] 2025-03-13 14:40:40,204: 174th client forward: bw 11, expected_exec_time 0.7777s, duration 0.7759s, inner_forward_dur 0.7757s communicated_bytes 0.0000MB
[rospy.core][INFO] 2025-03-13 14:40:40,576: signal_shutdown [signal-2]
[rospy.core][INFO] 2025-03-13 14:40:40,582: signal_shutdown [signal-2]
[rospy.core][INFO] 2025-03-13 14:40:40,607: signal_shutdown [signal-2]
[rospy.core][INFO] 2025-03-13 14:40:40,607: signal_shutdown [signal-2]
[rospy.internal][INFO] 2025-03-13 14:40:40,630: topic[/rosout] removing connection to /rosout
[rospy.impl.masterslave][INFO] 2025-03-13 14:40:40,634: signal-2
[rospy.core][INFO] 2025-03-13 14:40:40,652: signal_shutdown [signal-2]
[rospy.core][INFO] 2025-03-13 14:40:40,652: signal_shutdown [signal-2]
[rospy.internal][INFO] 2025-03-13 14:40:40,663: topic[/rosout] removing connection to /rosout
[rospy.impl.masterslave][INFO] 2025-03-13 14:40:40,691: signal-2
[rospy.internal][INFO] 2025-03-13 14:40:40,921: topic[/rosout] removing connection to /rosout
[rosout][INFO] 2025-03-13 14:40:41,277: [CLIENT] Connection closed.
[rospy.core][INFO] 2025-03-13 14:40:41,408: signal_shutdown [signal-15]
[rosout][INFO] 2025-03-13 14:40:41,747: [CLIENT] Socket closed.
[rosout][INFO] 2025-03-13 14:40:42,409: [CLIENT] Stopped.
[rospy.core][INFO] 2025-03-13 14:40:42,416: signal_shutdown [atexit]
[rospy.impl.masterslave][INFO] 2025-03-13 14:40:42,427: atexit
